Voila! local generation
Input PDF: D:\dev\projects\voila\data\input\Manual-de-Supravietuire.pdf

=== 1. PDF extract ===
D:\dev\projects\voila\.venv\Scripts\python.exe D:\dev\projects\voila\services\api\pdf_extract.py D:\dev\projects\voila\data\input\Manual-de-Supravietuire.pdf --output-dir D:\dev\projects\voila\data\output
Voila! PDF extracted successfully.
Input:  D:\dev\projects\voila\data\input\Manual-de-Supravietuire.pdf
Output: D:\dev\projects\voila\data\output\Manual-de-Supravietuire
- D:\dev\projects\voila\data\output\Manual-de-Supravietuire\pages.json
- D:\dev\projects\voila\data\output\Manual-de-Supravietuire\pages.md

=== 2. OCR report ===
D:\dev\projects\voila\.venv\Scripts\python.exe D:\dev\projects\voila\services\api\ocr_report.py D:\dev\projects\voila\data\output\Manual-de-Supravietuire\pages.json
Voila! OCR report generated successfully.
- D:\dev\projects\voila\data\output\Manual-de-Supravietuire\ocr_report.json

=== 3. Course outline ===
D:\dev\projects\voila\.venv\Scripts\python.exe D:\dev\projects\voila\services\api\outline_builder.py D:\dev\projects\voila\data\output\Manual-de-Supravietuire\pages.json
Voila! course outline generated successfully.
- D:\dev\projects\voila\data\output\Manual-de-Supravietuire\course_outline.json
- D:\dev\projects\voila\data\output\Manual-de-Supravietuire\course_outline.md

=== 4. Normalize outline ===
D:\dev\projects\voila\.venv\Scripts\python.exe D:\dev\projects\voila\services\api\normalize_outline.py D:\dev\projects\voila\data\output\Manual-de-Supravietuire\course_outline.json
Voila! normalized outline generated successfully.
- D:\dev\projects\voila\data\output\Manual-de-Supravietuire\course_outline.normalized.json
- D:\dev\projects\voila\data\output\Manual-de-Supravietuire\course_outline.normalized.md

=== 5. Generate course files ===
D:\dev\projects\voila\.venv\Scripts\python.exe D:\dev\projects\voila\services\api\course_generator.py D:\dev\projects\voila\data\output\Manual-de-Supravietuire\course_outline.normalized.json
Voila! course files generated successfully.
- D:\dev\projects\voila\data\output\Manual-de-Supravietuire\course.md
- D:\dev\projects\voila\data\output\Manual-de-Supravietuire\glossary.json
- D:\dev\projects\voila\data\output\Manual-de-Supravietuire\quiz.json
- D:\dev\projects\voila\data\output\Manual-de-Supravietuire\flashcards.json

=== 6. Polish course ===
D:\dev\projects\voila\.venv\Scripts\python.exe D:\dev\projects\voila\services\api\course_polisher.py D:\dev\projects\voila\data\output\Manual-de-Supravietuire\course_outline.normalized.json
Voila! polished course generated successfully.
- D:\dev\projects\voila\data\output\Manual-de-Supravietuire\course.cleaned.md
- D:\dev\projects\voila\data\output\Manual-de-Supravietuire\ocr_corrections.json
OCR corrections applied: 5

=== 7. Final cleanup ===
D:\dev\projects\voila\.venv\Scripts\python.exe D:\dev\projects\voila\services\api\course_cleaned_finalizer.py D:\dev\projects\voila\data\output\Manual-de-Supravietuire\course.cleaned.md
Voila! final cleaned text applied.
- Updated: D:\dev\projects\voila\data\output\Manual-de-Supravietuire\course.cleaned.md
- Backup:  D:\dev\projects\voila\data\output\Manual-de-Supravietuire\course.cleaned.md.bak

=== 8. Build study quiz ===
D:\dev\projects\voila\.venv\Scripts\python.exe D:\dev\projects\voila\services\api\study_quiz_builder.py D:\dev\projects\voila\data\output\Manual-de-Supravietuire --min-page 1 --max-per-lesson 4 --max-total 350
Voila! study quiz generated successfully.
Lessons parsed: 64
Min page: 1
Questions generated: 93
- D:\dev\projects\voila\data\output\Manual-de-Supravietuire\quiz.study.json

=== 9. Export figures ===
D:\dev\projects\voila\.venv\Scripts\python.exe D:\dev\projects\voila\services\api\figure_exporter_hybrid.py D:\dev\projects\voila\data\input\Manual-de-Supravietuire.pdf
Voila! hybrid figures exported successfully.
Output: D:\dev\projects\voila\data\output\Manual-de-Supravietuire\figures_hybrid
Figure crops: 0
Errors: 0
- D:\dev\projects\voila\data\output\Manual-de-Supravietuire\figures_hybrid\figures_manifest.hybrid.json
- D:\dev\projects\voila\data\output\Manual-de-Supravietuire\figures_hybrid\figures_hybrid.html

=== 10. Export HTML course ===
D:\dev\projects\voila\.venv\Scripts\python.exe D:\dev\projects\voila\services\api\html_exporter.py D:\dev\projects\voila\data\output\Manual-de-Supravietuire\course.cleaned.md
Voila! HTML course exported successfully.
Figures linked: 0
- D:\dev\projects\voila\data\output\Manual-de-Supravietuire\course.cleaned.html

=== 11. Inject course navigation ===
D:\dev\projects\voila\.venv\Scripts\python.exe D:\dev\projects\voila\services\api\course_nav_injector.py D:\dev\projects\voila\data\output\Manual-de-Supravietuire\course.cleaned.html Manual-de-Supravietuire.pdf
Voila! course navigation injected successfully.
- D:\dev\projects\voila\data\output\Manual-de-Supravietuire\course.cleaned.html
PDF: Manual-de-Supravietuire.pdf